<?xml version="1.0" encoding="UTF-8"?>
<coverage generated="1762178486887" clover="3.2.0">
  <project timestamp="1762178486887" name="All files">
    <metrics statements="83" coveredstatements="71" conditionals="36" coveredconditionals="26" methods="17" coveredmethods="17" elements="136" coveredelements="114" complexity="0" loc="83" ncloc="83" packages="1" files="2" classes="2"/>
    <file name="model.js" path="C:\Users\Xiangyu\OneDrive\Bureau\consulting_ecole\ToDo_app\Backend\model.js">
      <metrics statements="28" coveredstatements="27" conditionals="10" coveredconditionals="8" methods="11" coveredmethods="11"/>
      <line num="6" count="2" type="stmt"/>
      <line num="24" count="2" type="stmt"/>
      <line num="29" count="3" type="stmt"/>
      <line num="34" count="7" type="stmt"/>
      <line num="35" count="13" type="stmt"/>
      <line num="40" count="4" type="stmt"/>
      <line num="49" count="4" type="stmt"/>
      <line num="50" count="4" type="stmt"/>
      <line num="55" count="3" type="stmt"/>
      <line num="56" count="6" type="stmt"/>
      <line num="58" count="3" type="cond" truecount="2" falsecount="0"/>
      <line num="59" count="1" type="stmt"/>
      <line num="63" count="2" type="stmt"/>
      <line num="69" count="2" type="stmt"/>
      <line num="74" count="3" type="stmt"/>
      <line num="75" count="6" type="stmt"/>
      <line num="77" count="3" type="cond" truecount="2" falsecount="0"/>
      <line num="78" count="1" type="stmt"/>
      <line num="81" count="2" type="stmt"/>
      <line num="82" count="2" type="stmt"/>
      <line num="87" count="2" type="stmt"/>
      <line num="88" count="4" type="stmt"/>
      <line num="90" count="2" type="cond" truecount="1" falsecount="1"/>
      <line num="91" count="0" type="stmt"/>
      <line num="94" count="2" type="stmt"/>
      <line num="95" count="2" type="stmt"/>
      <line num="97" count="2" type="stmt"/>
      <line num="102" count="2" type="stmt"/>
    </file>
    <file name="routes.js" path="C:\Users\Xiangyu\OneDrive\Bureau\consulting_ecole\ToDo_app\Backend\routes.js">
      <metrics statements="55" coveredstatements="44" conditionals="26" coveredconditionals="18" methods="6" coveredmethods="6"/>
      <line num="9" count="1" type="stmt"/>
      <line num="10" count="1" type="stmt"/>
      <line num="11" count="1" type="stmt"/>
      <line num="15" count="1" type="stmt"/>
      <line num="19" count="1" type="stmt"/>
      <line num="20" count="2" type="stmt"/>
      <line num="21" count="2" type="stmt"/>
      <line num="23" count="2" type="stmt"/>
      <line num="29" count="0" type="stmt"/>
      <line num="40" count="1" type="stmt"/>
      <line num="41" count="2" type="stmt"/>
      <line num="42" count="2" type="stmt"/>
      <line num="44" count="2" type="cond" truecount="2" falsecount="0"/>
      <line num="45" count="1" type="stmt"/>
      <line num="54" count="1" type="stmt"/>
      <line num="59" count="0" type="stmt"/>
      <line num="70" count="1" type="stmt"/>
      <line num="71" count="3" type="stmt"/>
      <line num="72" count="3" type="stmt"/>
      <line num="75" count="3" type="cond" truecount="4" falsecount="0"/>
      <line num="76" count="1" type="stmt"/>
      <line num="89" count="2" type="cond" truecount="1" falsecount="1"/>
      <line num="90" count="0" type="stmt"/>
      <line num="103" count="2" type="stmt"/>
      <line num="109" count="2" type="stmt"/>
      <line num="115" count="0" type="stmt"/>
      <line num="126" count="1" type="stmt"/>
      <line num="127" count="1" type="stmt"/>
      <line num="128" count="1" type="stmt"/>
      <line num="129" count="1" type="stmt"/>
      <line num="132" count="1" type="stmt"/>
      <line num="133" count="1" type="cond" truecount="1" falsecount="1"/>
      <line num="134" count="0" type="stmt"/>
      <line num="144" count="1" type="cond" truecount="3" falsecount="1"/>
      <line num="145" count="0" type="stmt"/>
      <line num="154" count="1" type="stmt"/>
      <line num="160" count="1" type="stmt"/>
      <line num="166" count="0" type="stmt"/>
      <line num="177" count="1" type="stmt"/>
      <line num="178" count="1" type="stmt"/>
      <line num="179" count="1" type="stmt"/>
      <line num="180" count="1" type="stmt"/>
      <line num="182" count="1" type="cond" truecount="1" falsecount="1"/>
      <line num="183" count="0" type="stmt"/>
      <line num="192" count="1" type="stmt"/>
      <line num="198" count="0" type="stmt"/>
      <line num="209" count="1" type="stmt"/>
      <line num="210" count="1" type="stmt"/>
      <line num="211" count="1" type="stmt"/>
      <line num="212" count="1" type="stmt"/>
      <line num="214" count="1" type="cond" truecount="1" falsecount="1"/>
      <line num="215" count="0" type="stmt"/>
      <line num="224" count="1" type="stmt"/>
      <line num="234" count="0" type="stmt"/>
      <line num="246" count="1" type="stmt"/>
    </file>
  </project>
</coverage>
