{"C:\\Users\\Xiangyu\\OneDrive\\Bureau\\consulting_ecole\\ToDo_app\\Backend\\model.js": {"path":"C:\\Users\\Xiangyu\\OneDrive\\Bureau\\consulting_ecole\\ToDo_app\\Backend\\model.js","statementMap":{"0":{"start":{"line":6,"column":8},"end":{"line":23,"column":10}},"1":{"start":{"line":24,"column":8},"end":{"line":24,"column":24}},"2":{"start":{"line":29,"column":8},"end":{"line":29,"column":26}},"3":{"start":{"line":34,"column":23},"end":{"line":34,"column":35}},"4":{"start":{"line":35,"column":8},"end":{"line":35,"column":59}},"5":{"start":{"line":35,"column":39},"end":{"line":35,"column":57}},"6":{"start":{"line":40,"column":24},"end":{"line":47,"column":9}},"7":{"start":{"line":49,"column":8},"end":{"line":49,"column":33}},"8":{"start":{"line":50,"column":8},"end":{"line":50,"column":23}},"9":{"start":{"line":55,"column":23},"end":{"line":55,"column":35}},"10":{"start":{"line":56,"column":26},"end":{"line":56,"column":74}},"11":{"start":{"line":56,"column":55},"end":{"line":56,"column":73}},"12":{"start":{"line":58,"column":8},"end":{"line":60,"column":9}},"13":{"start":{"line":59,"column":12},"end":{"line":59,"column":24}},"14":{"start":{"line":63,"column":8},"end":{"line":67,"column":10}},"15":{"start":{"line":69,"column":8},"end":{"line":69,"column":37}},"16":{"start":{"line":74,"column":23},"end":{"line":74,"column":35}},"17":{"start":{"line":75,"column":26},"end":{"line":75,"column":74}},"18":{"start":{"line":75,"column":55},"end":{"line":75,"column":73}},"19":{"start":{"line":77,"column":8},"end":{"line":79,"column":9}},"20":{"start":{"line":78,"column":12},"end":{"line":78,"column":24}},"21":{"start":{"line":81,"column":28},"end":{"line":81,"column":62}},"22":{"start":{"line":82,"column":8},"end":{"line":82,"column":27}},"23":{"start":{"line":87,"column":23},"end":{"line":87,"column":35}},"24":{"start":{"line":88,"column":26},"end":{"line":88,"column":74}},"25":{"start":{"line":88,"column":55},"end":{"line":88,"column":73}},"26":{"start":{"line":90,"column":8},"end":{"line":92,"column":9}},"27":{"start":{"line":91,"column":12},"end":{"line":91,"column":24}},"28":{"start":{"line":94,"column":8},"end":{"line":94,"column":47}},"29":{"start":{"line":95,"column":8},"end":{"line":95,"column":53}},"30":{"start":{"line":97,"column":8},"end":{"line":97,"column":37}},"31":{"start":{"line":102,"column":0},"end":{"line":102,"column":33}}},"fnMap":{"0":{"name":"(anonymous_0)","decl":{"start":{"line":5,"column":4},"end":{"line":5,"column":5}},"loc":{"start":{"line":5,"column":18},"end":{"line":25,"column":5}},"line":5},"1":{"name":"(anonymous_1)","decl":{"start":{"line":28,"column":4},"end":{"line":28,"column":5}},"loc":{"start":{"line":28,"column":18},"end":{"line":30,"column":5}},"line":28},"2":{"name":"(anonymous_2)","decl":{"start":{"line":33,"column":4},"end":{"line":33,"column":5}},"loc":{"start":{"line":33,"column":20},"end":{"line":36,"column":5}},"line":33},"3":{"name":"(anonymous_3)","decl":{"start":{"line":35,"column":31},"end":{"line":35,"column":32}},"loc":{"start":{"line":35,"column":39},"end":{"line":35,"column":57}},"line":35},"4":{"name":"(anonymous_4)","decl":{"start":{"line":39,"column":4},"end":{"line":39,"column":5}},"loc":{"start":{"line":39,"column":25},"end":{"line":51,"column":5}},"line":39},"5":{"name":"(anonymous_5)","decl":{"start":{"line":54,"column":4},"end":{"line":54,"column":5}},"loc":{"start":{"line":54,"column":31},"end":{"line":70,"column":5}},"line":54},"6":{"name":"(anonymous_6)","decl":{"start":{"line":56,"column":47},"end":{"line":56,"column":48}},"loc":{"start":{"line":56,"column":55},"end":{"line":56,"column":73}},"line":56},"7":{"name":"(anonymous_7)","decl":{"start":{"line":73,"column":4},"end":{"line":73,"column":5}},"loc":{"start":{"line":73,"column":19},"end":{"line":83,"column":5}},"line":73},"8":{"name":"(anonymous_8)","decl":{"start":{"line":75,"column":47},"end":{"line":75,"column":48}},"loc":{"start":{"line":75,"column":55},"end":{"line":75,"column":73}},"line":75},"9":{"name":"(anonymous_9)","decl":{"start":{"line":86,"column":4},"end":{"line":86,"column":5}},"loc":{"start":{"line":86,"column":26},"end":{"line":98,"column":5}},"line":86},"10":{"name":"(anonymous_10)","decl":{"start":{"line":88,"column":47},"end":{"line":88,"column":48}},"loc":{"start":{"line":88,"column":55},"end":{"line":88,"column":73}},"line":88}},"branchMap":{"0":{"loc":{"start":{"line":43,"column":25},"end":{"line":43,"column":51}},"type":"binary-expr","locations":[{"start":{"line":43,"column":25},"end":{"line":43,"column":45}},{"start":{"line":43,"column":49},"end":{"line":43,"column":51}}],"line":43},"1":{"loc":{"start":{"line":44,"column":23},"end":{"line":44,"column":50}},"type":"binary-expr","locations":[{"start":{"line":44,"column":23},"end":{"line":44,"column":41}},{"start":{"line":44,"column":45},"end":{"line":44,"column":50}}],"line":44},"2":{"loc":{"start":{"line":58,"column":8},"end":{"line":60,"column":9}},"type":"if","locations":[{"start":{"line":58,"column":8},"end":{"line":60,"column":9}},{"start":{},"end":{}}],"line":58},"3":{"loc":{"start":{"line":77,"column":8},"end":{"line":79,"column":9}},"type":"if","locations":[{"start":{"line":77,"column":8},"end":{"line":79,"column":9}},{"start":{},"end":{}}],"line":77},"4":{"loc":{"start":{"line":90,"column":8},"end":{"line":92,"column":9}},"type":"if","locations":[{"start":{"line":90,"column":8},"end":{"line":92,"column":9}},{"start":{},"end":{}}],"line":90}},"s":{"0":2,"1":2,"2":3,"3":7,"4":7,"5":13,"6":4,"7":4,"8":4,"9":3,"10":3,"11":6,"12":3,"13":1,"14":2,"15":2,"16":3,"17":3,"18":6,"19":3,"20":1,"21":2,"22":2,"23":2,"24":2,"25":4,"26":2,"27":0,"28":2,"29":2,"30":2,"31":2},"f":{"0":2,"1":3,"2":7,"3":13,"4":4,"5":3,"6":6,"7":3,"8":6,"9":2,"10":4},"b":{"0":[4,0],"1":[4,4],"2":[1,2],"3":[1,2],"4":[0,2]},"_coverageSchema":"1a1c01bbd47fc00a2c39e90264f33305004495a9","hash":"37938751415fd3cfcd73d8028c30ed896a9e982c"}
,"C:\\Users\\Xiangyu\\OneDrive\\Bureau\\consulting_ecole\\ToDo_app\\Backend\\routes.js": {"path":"C:\\Users\\Xiangyu\\OneDrive\\Bureau\\consulting_ecole\\ToDo_app\\Backend\\routes.js","statementMap":{"0":{"start":{"line":9,"column":16},"end":{"line":9,"column":34}},"1":{"start":{"line":10,"column":15},"end":{"line":10,"column":31}},"2":{"start":{"line":11,"column":18},"end":{"line":11,"column":36}},"3":{"start":{"line":15,"column":0},"end":{"line":15,"column":27}},"4":{"start":{"line":19,"column":0},"end":{"line":37,"column":3}},"5":{"start":{"line":20,"column":4},"end":{"line":36,"column":5}},"6":{"start":{"line":21,"column":22},"end":{"line":21,"column":45}},"7":{"start":{"line":23,"column":8},"end":{"line":27,"column":11}},"8":{"start":{"line":29,"column":8},"end":{"line":35,"column":11}},"9":{"start":{"line":40,"column":0},"end":{"line":67,"column":3}},"10":{"start":{"line":41,"column":4},"end":{"line":66,"column":5}},"11":{"start":{"line":42,"column":21},"end":{"line":42,"column":57}},"12":{"start":{"line":44,"column":8},"end":{"line":52,"column":9}},"13":{"start":{"line":45,"column":12},"end":{"line":51,"column":15}},"14":{"start":{"line":54,"column":8},"end":{"line":57,"column":11}},"15":{"start":{"line":59,"column":8},"end":{"line":65,"column":11}},"16":{"start":{"line":70,"column":0},"end":{"line":123,"column":3}},"17":{"start":{"line":71,"column":4},"end":{"line":122,"column":5}},"18":{"start":{"line":72,"column":50},"end":{"line":72,"column":58}},"19":{"start":{"line":75,"column":8},"end":{"line":87,"column":9}},"20":{"start":{"line":76,"column":12},"end":{"line":86,"column":15}},"21":{"start":{"line":89,"column":8},"end":{"line":101,"column":9}},"22":{"start":{"line":90,"column":12},"end":{"line":100,"column":15}},"23":{"start":{"line":103,"column":24},"end":{"line":107,"column":10}},"24":{"start":{"line":109,"column":8},"end":{"line":113,"column":11}},"25":{"start":{"line":115,"column":8},"end":{"line":121,"column":11}},"26":{"start":{"line":126,"column":0},"end":{"line":174,"column":3}},"27":{"start":{"line":127,"column":4},"end":{"line":173,"column":5}},"28":{"start":{"line":128,"column":50},"end":{"line":128,"column":58}},"29":{"start":{"line":129,"column":23},"end":{"line":129,"column":36}},"30":{"start":{"line":132,"column":29},"end":{"line":132,"column":58}},"31":{"start":{"line":133,"column":8},"end":{"line":141,"column":9}},"32":{"start":{"line":134,"column":12},"end":{"line":140,"column":15}},"33":{"start":{"line":144,"column":8},"end":{"line":152,"column":9}},"34":{"start":{"line":145,"column":12},"end":{"line":151,"column":15}},"35":{"start":{"line":154,"column":28},"end":{"line":158,"column":10}},"36":{"start":{"line":160,"column":8},"end":{"line":164,"column":11}},"37":{"start":{"line":166,"column":8},"end":{"line":172,"column":11}},"38":{"start":{"line":177,"column":0},"end":{"line":206,"column":3}},"39":{"start":{"line":178,"column":4},"end":{"line":205,"column":5}},"40":{"start":{"line":179,"column":23},"end":{"line":179,"column":36}},"41":{"start":{"line":180,"column":28},"end":{"line":180,"column":56}},"42":{"start":{"line":182,"column":8},"end":{"line":190,"column":9}},"43":{"start":{"line":183,"column":12},"end":{"line":189,"column":15}},"44":{"start":{"line":192,"column":8},"end":{"line":196,"column":11}},"45":{"start":{"line":198,"column":8},"end":{"line":204,"column":11}},"46":{"start":{"line":209,"column":0},"end":{"line":242,"column":3}},"47":{"start":{"line":210,"column":4},"end":{"line":241,"column":5}},"48":{"start":{"line":211,"column":23},"end":{"line":211,"column":36}},"49":{"start":{"line":212,"column":30},"end":{"line":212,"column":65}},"50":{"start":{"line":214,"column":8},"end":{"line":222,"column":9}},"51":{"start":{"line":215,"column":12},"end":{"line":221,"column":15}},"52":{"start":{"line":224,"column":8},"end":{"line":232,"column":11}},"53":{"start":{"line":234,"column":8},"end":{"line":240,"column":11}},"54":{"start":{"line":246,"column":0},"end":{"line":246,"column":24}}},"fnMap":{"0":{"name":"(anonymous_0)","decl":{"start":{"line":19,"column":21},"end":{"line":19,"column":22}},"loc":{"start":{"line":19,"column":35},"end":{"line":37,"column":1}},"line":19},"1":{"name":"(anonymous_1)","decl":{"start":{"line":40,"column":25},"end":{"line":40,"column":26}},"loc":{"start":{"line":40,"column":39},"end":{"line":67,"column":1}},"line":40},"2":{"name":"(anonymous_2)","decl":{"start":{"line":70,"column":22},"end":{"line":70,"column":23}},"loc":{"start":{"line":70,"column":36},"end":{"line":123,"column":1}},"line":70},"3":{"name":"(anonymous_3)","decl":{"start":{"line":126,"column":25},"end":{"line":126,"column":26}},"loc":{"start":{"line":126,"column":39},"end":{"line":174,"column":1}},"line":126},"4":{"name":"(anonymous_4)","decl":{"start":{"line":177,"column":28},"end":{"line":177,"column":29}},"loc":{"start":{"line":177,"column":42},"end":{"line":206,"column":1}},"line":177},"5":{"name":"(anonymous_5)","decl":{"start":{"line":209,"column":36},"end":{"line":209,"column":37}},"loc":{"start":{"line":209,"column":50},"end":{"line":242,"column":1}},"line":209}},"branchMap":{"0":{"loc":{"start":{"line":44,"column":8},"end":{"line":52,"column":9}},"type":"if","locations":[{"start":{"line":44,"column":8},"end":{"line":52,"column":9}},{"start":{},"end":{}}],"line":44},"1":{"loc":{"start":{"line":75,"column":8},"end":{"line":87,"column":9}},"type":"if","locations":[{"start":{"line":75,"column":8},"end":{"line":87,"column":9}},{"start":{},"end":{}}],"line":75},"2":{"loc":{"start":{"line":75,"column":12},"end":{"line":75,"column":41}},"type":"binary-expr","locations":[{"start":{"line":75,"column":12},"end":{"line":75,"column":18}},{"start":{"line":75,"column":22},"end":{"line":75,"column":41}}],"line":75},"3":{"loc":{"start":{"line":89,"column":8},"end":{"line":101,"column":9}},"type":"if","locations":[{"start":{"line":89,"column":8},"end":{"line":101,"column":9}},{"start":{},"end":{}}],"line":89},"4":{"loc":{"start":{"line":105,"column":25},"end":{"line":105,"column":62}},"type":"cond-expr","locations":[{"start":{"line":105,"column":39},"end":{"line":105,"column":57}},{"start":{"line":105,"column":60},"end":{"line":105,"column":62}}],"line":105},"5":{"loc":{"start":{"line":106,"column":23},"end":{"line":106,"column":41}},"type":"binary-expr","locations":[{"start":{"line":106,"column":23},"end":{"line":106,"column":32}},{"start":{"line":106,"column":36},"end":{"line":106,"column":41}}],"line":106},"6":{"loc":{"start":{"line":133,"column":8},"end":{"line":141,"column":9}},"type":"if","locations":[{"start":{"line":133,"column":8},"end":{"line":141,"column":9}},{"start":{},"end":{}}],"line":133},"7":{"loc":{"start":{"line":144,"column":8},"end":{"line":152,"column":9}},"type":"if","locations":[{"start":{"line":144,"column":8},"end":{"line":152,"column":9}},{"start":{},"end":{}}],"line":144},"8":{"loc":{"start":{"line":144,"column":12},"end":{"line":144,"column":41}},"type":"binary-expr","locations":[{"start":{"line":144,"column":12},"end":{"line":144,"column":18}},{"start":{"line":144,"column":22},"end":{"line":144,"column":41}}],"line":144},"9":{"loc":{"start":{"line":156,"column":25},"end":{"line":156,"column":84}},"type":"cond-expr","locations":[{"start":{"line":156,"column":39},"end":{"line":156,"column":57}},{"start":{"line":156,"column":60},"end":{"line":156,"column":84}}],"line":156},"10":{"loc":{"start":{"line":157,"column":23},"end":{"line":157,"column":83}},"type":"cond-expr","locations":[{"start":{"line":157,"column":49},"end":{"line":157,"column":58}},{"start":{"line":157,"column":61},"end":{"line":157,"column":83}}],"line":157},"11":{"loc":{"start":{"line":182,"column":8},"end":{"line":190,"column":9}},"type":"if","locations":[{"start":{"line":182,"column":8},"end":{"line":190,"column":9}},{"start":{},"end":{}}],"line":182},"12":{"loc":{"start":{"line":214,"column":8},"end":{"line":222,"column":9}},"type":"if","locations":[{"start":{"line":214,"column":8},"end":{"line":222,"column":9}},{"start":{},"end":{}}],"line":214}},"s":{"0":1,"1":1,"2":1,"3":1,"4":1,"5":2,"6":2,"7":2,"8":0,"9":1,"10":2,"11":2,"12":2,"13":1,"14":1,"15":0,"16":1,"17":3,"18":3,"19":3,"20":1,"21":2,"22":0,"23":2,"24":2,"25":0,"26":1,"27":1,"28":1,"29":1,"30":1,"31":1,"32":0,"33":1,"34":0,"35":1,"36":1,"37":0,"38":1,"39":1,"40":1,"41":1,"42":1,"43":0,"44":1,"45":0,"46":1,"47":1,"48":1,"49":1,"50":1,"51":0,"52":1,"53":0,"54":1},"f":{"0":2,"1":2,"2":3,"3":1,"4":1,"5":1},"b":{"0":[1,1],"1":[1,2],"2":[3,2],"3":[0,2],"4":[2,0],"5":[2,2],"6":[0,1],"7":[0,1],"8":[1,1],"9":[1,0],"10":[1,0],"11":[0,1],"12":[0,1]},"_coverageSchema":"1a1c01bbd47fc00a2c39e90264f33305004495a9","hash":"09cd37ff56ba67d0d869b992a82b1e9e1064bc30"}
}
