TN:
SF:Backend\model.js
FN:5,(anonymous_0)
FN:28,(anonymous_1)
FN:33,(anonymous_2)
FN:35,(anonymous_3)
FN:39,(anonymous_4)
FN:54,(anonymous_5)
FN:56,(anonymous_6)
FN:73,(anonymous_7)
FN:75,(anonymous_8)
FN:86,(anonymous_9)
FN:88,(anonymous_10)
FNF:11
FNH:11
FNDA:2,(anonymous_0)
FNDA:3,(anonymous_1)
FNDA:7,(anonymous_2)
FNDA:13,(anonymous_3)
FNDA:4,(anonymous_4)
FNDA:3,(anonymous_5)
FNDA:6,(anonymous_6)
FNDA:3,(anonymous_7)
FNDA:6,(anonymous_8)
FNDA:2,(anonymous_9)
FNDA:4,(anonymous_10)
DA:6,2
DA:24,2
DA:29,3
DA:34,7
DA:35,13
DA:40,4
DA:49,4
DA:50,4
DA:55,3
DA:56,6
DA:58,3
DA:59,1
DA:63,2
DA:69,2
DA:74,3
DA:75,6
DA:77,3
DA:78,1
DA:81,2
DA:82,2
DA:87,2
DA:88,4
DA:90,2
DA:91,0
DA:94,2
DA:95,2
DA:97,2
DA:102,2
LF:28
LH:27
BRDA:43,0,0,4
BRDA:43,0,1,0
BRDA:44,1,0,4
BRDA:44,1,1,4
BRDA:58,2,0,1
BRDA:58,2,1,2
BRDA:77,3,0,1
BRDA:77,3,1,2
BRDA:90,4,0,0
BRDA:90,4,1,2
BRF:10
BRH:8
end_of_record
TN:
SF:Backend\routes.js
FN:19,(anonymous_0)
FN:40,(anonymous_1)
FN:70,(anonymous_2)
FN:126,(anonymous_3)
FN:177,(anonymous_4)
FN:209,(anonymous_5)
FNF:6
FNH:6
FNDA:2,(anonymous_0)
FNDA:2,(anonymous_1)
FNDA:3,(anonymous_2)
FNDA:1,(anonymous_3)
FNDA:1,(anonymous_4)
FNDA:1,(anonymous_5)
DA:9,1
DA:10,1
DA:11,1
DA:15,1
DA:19,1
DA:20,2
DA:21,2
DA:23,2
DA:29,0
DA:40,1
DA:41,2
DA:42,2
DA:44,2
DA:45,1
DA:54,1
DA:59,0
DA:70,1
DA:71,3
DA:72,3
DA:75,3
DA:76,1
DA:89,2
DA:90,0
DA:103,2
DA:109,2
DA:115,0
DA:126,1
DA:127,1
DA:128,1
DA:129,1
DA:132,1
DA:133,1
DA:134,0
DA:144,1
DA:145,0
DA:154,1
DA:160,1
DA:166,0
DA:177,1
DA:178,1
DA:179,1
DA:180,1
DA:182,1
DA:183,0
DA:192,1
DA:198,0
DA:209,1
DA:210,1
DA:211,1
DA:212,1
DA:214,1
DA:215,0
DA:224,1
DA:234,0
DA:246,1
LF:55
LH:44
BRDA:44,0,0,1
BRDA:44,0,1,1
BRDA:75,1,0,1
BRDA:75,1,1,2
BRDA:75,2,0,3
BRDA:75,2,1,2
BRDA:89,3,0,0
BRDA:89,3,1,2
BRDA:105,4,0,2
BRDA:105,4,1,0
BRDA:106,5,0,2
BRDA:106,5,1,2
BRDA:133,6,0,0
BRDA:133,6,1,1
BRDA:144,7,0,0
BRDA:144,7,1,1
BRDA:144,8,0,1
BRDA:144,8,1,1
BRDA:156,9,0,1
BRDA:156,9,1,0
BRDA:157,10,0,1
BRDA:157,10,1,0
BRDA:182,11,0,0
BRDA:182,11,1,1
BRDA:214,12,0,0
BRDA:214,12,1,1
BRF:26
BRH:18
end_of_record
