<?xml version="1.0" encoding="UTF-8"?>
<coverage generated="1762185263647" clover="3.2.0">
  <project timestamp="1762185263647" name="All files">
    <metrics statements="28" coveredstatements="27" conditionals="10" coveredconditionals="8" methods="11" coveredmethods="11" elements="49" coveredelements="46" complexity="0" loc="28" ncloc="28" packages="1" files="1" classes="1"/>
    <file name="model.js" path="C:\Users\Xiangyu\OneDrive\Bureau\consulting_ecole\ToDo_app\Backend\model.js">
      <metrics statements="28" coveredstatements="27" conditionals="10" coveredconditionals="8" methods="11" coveredmethods="11"/>
      <line num="6" count="1" type="stmt"/>
      <line num="24" count="1" type="stmt"/>
      <line num="29" count="1" type="stmt"/>
      <line num="34" count="4" type="stmt"/>
      <line num="35" count="5" type="stmt"/>
      <line num="40" count="2" type="stmt"/>
      <line num="49" count="2" type="stmt"/>
      <line num="50" count="2" type="stmt"/>
      <line num="55" count="2" type="stmt"/>
      <line num="56" count="3" type="stmt"/>
      <line num="58" count="2" type="cond" truecount="2" falsecount="0"/>
      <line num="59" count="1" type="stmt"/>
      <line num="63" count="1" type="stmt"/>
      <line num="69" count="1" type="stmt"/>
      <line num="74" count="2" type="stmt"/>
      <line num="75" count="3" type="stmt"/>
      <line num="77" count="2" type="cond" truecount="2" falsecount="0"/>
      <line num="78" count="1" type="stmt"/>
      <line num="81" count="1" type="stmt"/>
      <line num="82" count="1" type="stmt"/>
      <line num="87" count="1" type="stmt"/>
      <line num="88" count="1" type="stmt"/>
      <line num="90" count="1" type="cond" truecount="1" falsecount="1"/>
      <line num="91" count="0" type="stmt"/>
      <line num="94" count="1" type="stmt"/>
      <line num="95" count="1" type="stmt"/>
      <line num="97" count="1" type="stmt"/>
      <line num="102" count="1" type="stmt"/>
    </file>
  </project>
</coverage>
