{"C:\\Users\\Xiangyu\\OneDrive\\Bureau\\consulting_ecole\\ToDo_app\\Backend\\model.js": {"path":"C:\\Users\\Xiangyu\\OneDrive\\Bureau\\consulting_ecole\\ToDo_app\\Backend\\model.js","statementMap":{"0":{"start":{"line":6,"column":8},"end":{"line":23,"column":10}},"1":{"start":{"line":24,"column":8},"end":{"line":24,"column":24}},"2":{"start":{"line":29,"column":8},"end":{"line":29,"column":26}},"3":{"start":{"line":34,"column":23},"end":{"line":34,"column":35}},"4":{"start":{"line":35,"column":8},"end":{"line":35,"column":59}},"5":{"start":{"line":35,"column":39},"end":{"line":35,"column":57}},"6":{"start":{"line":40,"column":24},"end":{"line":47,"column":9}},"7":{"start":{"line":49,"column":8},"end":{"line":49,"column":33}},"8":{"start":{"line":50,"column":8},"end":{"line":50,"column":23}},"9":{"start":{"line":55,"column":23},"end":{"line":55,"column":35}},"10":{"start":{"line":56,"column":26},"end":{"line":56,"column":74}},"11":{"start":{"line":56,"column":55},"end":{"line":56,"column":73}},"12":{"start":{"line":58,"column":8},"end":{"line":60,"column":9}},"13":{"start":{"line":59,"column":12},"end":{"line":59,"column":24}},"14":{"start":{"line":63,"column":8},"end":{"line":67,"column":10}},"15":{"start":{"line":69,"column":8},"end":{"line":69,"column":37}},"16":{"start":{"line":74,"column":23},"end":{"line":74,"column":35}},"17":{"start":{"line":75,"column":26},"end":{"line":75,"column":74}},"18":{"start":{"line":75,"column":55},"end":{"line":75,"column":73}},"19":{"start":{"line":77,"column":8},"end":{"line":79,"column":9}},"20":{"start":{"line":78,"column":12},"end":{"line":78,"column":24}},"21":{"start":{"line":81,"column":28},"end":{"line":81,"column":62}},"22":{"start":{"line":82,"column":8},"end":{"line":82,"column":27}},"23":{"start":{"line":87,"column":23},"end":{"line":87,"column":35}},"24":{"start":{"line":88,"column":26},"end":{"line":88,"column":74}},"25":{"start":{"line":88,"column":55},"end":{"line":88,"column":73}},"26":{"start":{"line":90,"column":8},"end":{"line":92,"column":9}},"27":{"start":{"line":91,"column":12},"end":{"line":91,"column":24}},"28":{"start":{"line":94,"column":8},"end":{"line":94,"column":47}},"29":{"start":{"line":95,"column":8},"end":{"line":95,"column":53}},"30":{"start":{"line":97,"column":8},"end":{"line":97,"column":37}},"31":{"start":{"line":102,"column":0},"end":{"line":102,"column":33}}},"fnMap":{"0":{"name":"(anonymous_0)","decl":{"start":{"line":5,"column":4},"end":{"line":5,"column":5}},"loc":{"start":{"line":5,"column":18},"end":{"line":25,"column":5}},"line":5},"1":{"name":"(anonymous_1)","decl":{"start":{"line":28,"column":4},"end":{"line":28,"column":5}},"loc":{"start":{"line":28,"column":18},"end":{"line":30,"column":5}},"line":28},"2":{"name":"(anonymous_2)","decl":{"start":{"line":33,"column":4},"end":{"line":33,"column":5}},"loc":{"start":{"line":33,"column":20},"end":{"line":36,"column":5}},"line":33},"3":{"name":"(anonymous_3)","decl":{"start":{"line":35,"column":31},"end":{"line":35,"column":32}},"loc":{"start":{"line":35,"column":39},"end":{"line":35,"column":57}},"line":35},"4":{"name":"(anonymous_4)","decl":{"start":{"line":39,"column":4},"end":{"line":39,"column":5}},"loc":{"start":{"line":39,"column":25},"end":{"line":51,"column":5}},"line":39},"5":{"name":"(anonymous_5)","decl":{"start":{"line":54,"column":4},"end":{"line":54,"column":5}},"loc":{"start":{"line":54,"column":31},"end":{"line":70,"column":5}},"line":54},"6":{"name":"(anonymous_6)","decl":{"start":{"line":56,"column":47},"end":{"line":56,"column":48}},"loc":{"start":{"line":56,"column":55},"end":{"line":56,"column":73}},"line":56},"7":{"name":"(anonymous_7)","decl":{"start":{"line":73,"column":4},"end":{"line":73,"column":5}},"loc":{"start":{"line":73,"column":19},"end":{"line":83,"column":5}},"line":73},"8":{"name":"(anonymous_8)","decl":{"start":{"line":75,"column":47},"end":{"line":75,"column":48}},"loc":{"start":{"line":75,"column":55},"end":{"line":75,"column":73}},"line":75},"9":{"name":"(anonymous_9)","decl":{"start":{"line":86,"column":4},"end":{"line":86,"column":5}},"loc":{"start":{"line":86,"column":26},"end":{"line":98,"column":5}},"line":86},"10":{"name":"(anonymous_10)","decl":{"start":{"line":88,"column":47},"end":{"line":88,"column":48}},"loc":{"start":{"line":88,"column":55},"end":{"line":88,"column":73}},"line":88}},"branchMap":{"0":{"loc":{"start":{"line":43,"column":25},"end":{"line":43,"column":51}},"type":"binary-expr","locations":[{"start":{"line":43,"column":25},"end":{"line":43,"column":45}},{"start":{"line":43,"column":49},"end":{"line":43,"column":51}}],"line":43},"1":{"loc":{"start":{"line":44,"column":23},"end":{"line":44,"column":50}},"type":"binary-expr","locations":[{"start":{"line":44,"column":23},"end":{"line":44,"column":41}},{"start":{"line":44,"column":45},"end":{"line":44,"column":50}}],"line":44},"2":{"loc":{"start":{"line":58,"column":8},"end":{"line":60,"column":9}},"type":"if","locations":[{"start":{"line":58,"column":8},"end":{"line":60,"column":9}},{"start":{},"end":{}}],"line":58},"3":{"loc":{"start":{"line":77,"column":8},"end":{"line":79,"column":9}},"type":"if","locations":[{"start":{"line":77,"column":8},"end":{"line":79,"column":9}},{"start":{},"end":{}}],"line":77},"4":{"loc":{"start":{"line":90,"column":8},"end":{"line":92,"column":9}},"type":"if","locations":[{"start":{"line":90,"column":8},"end":{"line":92,"column":9}},{"start":{},"end":{}}],"line":90}},"s":{"0":1,"1":1,"2":1,"3":4,"4":4,"5":5,"6":2,"7":2,"8":2,"9":2,"10":2,"11":3,"12":2,"13":1,"14":1,"15":1,"16":2,"17":2,"18":3,"19":2,"20":1,"21":1,"22":1,"23":1,"24":1,"25":1,"26":1,"27":0,"28":1,"29":1,"30":1,"31":1},"f":{"0":1,"1":1,"2":4,"3":5,"4":2,"5":2,"6":3,"7":2,"8":3,"9":1,"10":1},"b":{"0":[2,0],"1":[2,2],"2":[1,1],"3":[1,1],"4":[0,1]},"_coverageSchema":"1a1c01bbd47fc00a2c39e90264f33305004495a9","hash":"37938751415fd3cfcd73d8028c30ed896a9e982c"}
}
