TN:
SF:Backend\model.js
FN:5,(anonymous_0)
FN:28,(anonymous_1)
FN:33,(anonymous_2)
FN:35,(anonymous_3)
FN:39,(anonymous_4)
FN:54,(anonymous_5)
FN:56,(anonymous_6)
FN:73,(anonymous_7)
FN:75,(anonymous_8)
FN:86,(anonymous_9)
FN:88,(anonymous_10)
FNF:11
FNH:11
FNDA:1,(anonymous_0)
FNDA:1,(anonymous_1)
FNDA:4,(anonymous_2)
FNDA:5,(anonymous_3)
FNDA:2,(anonymous_4)
FNDA:2,(anonymous_5)
FNDA:3,(anonymous_6)
FNDA:2,(anonymous_7)
FNDA:3,(anonymous_8)
FNDA:1,(anonymous_9)
FNDA:1,(anonymous_10)
DA:6,1
DA:24,1
DA:29,1
DA:34,4
DA:35,5
DA:40,2
DA:49,2
DA:50,2
DA:55,2
DA:56,3
DA:58,2
DA:59,1
DA:63,1
DA:69,1
DA:74,2
DA:75,3
DA:77,2
DA:78,1
DA:81,1
DA:82,1
DA:87,1
DA:88,1
DA:90,1
DA:91,0
DA:94,1
DA:95,1
DA:97,1
DA:102,1
LF:28
LH:27
BRDA:43,0,0,2
BRDA:43,0,1,0
BRDA:44,1,0,2
BRDA:44,1,1,2
BRDA:58,2,0,1
BRDA:58,2,1,1
BRDA:77,3,0,1
BRDA:77,3,1,1
BRDA:90,4,0,0
BRDA:90,4,1,1
BRF:10
BRH:8
end_of_record
